[${project.name}][${env:SERVER_PORT}] 2021-01-19 19:59:22,502 INFO [main][AbstractTestContextBootstrapper.java:308] - Neither @ContextConfiguration nor @ContextHierarchy found for test class [com.shanjupay.transaction.TestPayChannelServiceImpl], using SpringBootContextLoader
[${project.name}][${env:SERVER_PORT}] 2021-01-19 19:59:22,884 INFO [main][AbstractContextLoader.java:264] - Could not detect default resource locations for test class [com.shanjupay.transaction.TestPayChannelServiceImpl]: no resource found for suffixes {-context.xml, Context.groovy}.
[${project.name}][${env:SERVER_PORT}] 2021-01-19 19:59:22,887 INFO [main][AnnotationConfigContextLoaderUtils.java:83] - Could not detect default configuration classes for test class [com.shanjupay.transaction.TestPayChannelServiceImpl]: TestPayChannelServiceImpl does not declare any static, non-private, non-final, nested classes annotated with @Configuration.
[${project.name}][${env:SERVER_PORT}] 2021-01-19 19:59:24,949 INFO [main][SpringBootTestContextBootstrapper.java:247] - Found @SpringBootConfiguration com.shanjupay.transaction.TransactionBootstrap for test class com.shanjupay.transaction.TestPayChannelServiceImpl
[${project.name}][${env:SERVER_PORT}] 2021-01-19 19:59:25,371 INFO [main][AbstractTestContextBootstrapper.java:248] - Loaded default TestExecutionListener class names from location [META-INF/spring.factories]: [org.springframework.boot.test.mock.mockito.MockitoTestExecutionListener, org.springframework.boot.test.mock.mockito.ResetMocksTestExecutionListener, org.springframework.boot.test.autoconfigure.restdocs.RestDocsTestExecutionListener, org.springframework.boot.test.autoconfigure.web.client.MockRestServiceServerResetTestExecutionListener, org.springframework.boot.test.autoconfigure.web.servlet.MockMvcPrintOnlyOnFailureTestExecutionListener, org.springframework.boot.test.autoconfigure.web.servlet.WebDriverTestExecutionListener, org.springframework.test.context.web.ServletTestExecutionListener, org.springframework.test.context.support.DirtiesContextBeforeModesTestExecutionListener, org.springframework.test.context.support.DependencyInjectionTestExecutionListener, org.springframework.test.context.support.DirtiesContextTestExecutionListener, org.springframework.test.context.transaction.TransactionalTestExecutionListener, org.springframework.test.context.jdbc.SqlScriptsTestExecutionListener]
[${project.name}][${env:SERVER_PORT}] 2021-01-19 19:59:25,536 INFO [main][AbstractTestContextBootstrapper.java:177] - Using TestExecutionListeners: [org.springframework.test.context.web.ServletTestExecutionListener@638ef7ed, org.springframework.test.context.support.DirtiesContextBeforeModesTestExecutionListener@4bff7da0, org.springframework.boot.test.mock.mockito.MockitoTestExecutionListener@3f1d2e23, org.springframework.boot.test.autoconfigure.SpringBootDependencyInjectionTestExecutionListener@536dbea0, org.springframework.test.context.support.DirtiesContextTestExecutionListener@47c81abf, org.springframework.test.context.transaction.TransactionalTestExecutionListener@776a6d9b, org.springframework.test.context.jdbc.SqlScriptsTestExecutionListener@21d03963, org.springframework.boot.test.mock.mockito.ResetMocksTestExecutionListener@1f760b47, org.springframework.boot.test.autoconfigure.restdocs.RestDocsTestExecutionListener@18ece7f4, org.springframework.boot.test.autoconfigure.web.client.MockRestServiceServerResetTestExecutionListener@3cce57c7, org.springframework.boot.test.autoconfigure.web.servlet.MockMvcPrintOnlyOnFailureTestExecutionListener@1cf56a1c, org.springframework.boot.test.autoconfigure.web.servlet.WebDriverTestExecutionListener@33f676f6]
[${project.name}][${env:SERVER_PORT}] 2021-01-19 19:59:27,926 INFO [main][:] - using logger: org.apache.dubbo.common.logger.slf4j.Slf4jLoggerAdapter
[${project.name}][${env:SERVER_PORT}] 2021-01-19 19:59:27,935 INFO [main][WelcomeLogoApplicationListener.java:63] - 

 :: Dubbo Spring Boot (v2.7.1) : https://github.com/apache/incubator-dubbo-spring-boot-project
 :: Dubbo (v2.7.3) : https://github.com/apache/incubator-dubbo
 :: Discuss group : dev@dubbo.apache.org

[${project.name}][${env:SERVER_PORT}] 2021-01-19 19:59:27,943 INFO [main][OverrideDubboConfigApplicationListener.java:68] - Dubbo Config was overridden by externalized configuration {dubbo.application.name=transaction-service, dubbo.application.qos-enable=false, dubbo.application.qos.port=22250, dubbo.config.multiple=true, dubbo.consumer.check=false, dubbo.consumer.retries=-1, dubbo.consumer.timeout=3000, dubbo.protocol.name=dubbo, dubbo.protocol.port=20893, dubbo.registry.address=nacos://127.0.0.1:8848, dubbo.scan.base-packages=com.shanjupay}
[${project.name}][${env:SERVER_PORT}] 2021-01-19 19:59:29,152 INFO [main][PostProcessorRegistrationDelegate.java:330] - Bean 'org.springframework.cloud.autoconfigure.ConfigurationPropertiesRebinderAutoConfiguration' of type [org.springframework.cloud.autoconfigure.ConfigurationPropertiesRebinderAutoConfiguration$$EnhancerBySpringCGLIB$$6d37e2c7] is not eligible for getting processed by all BeanPostProcessors (for example: not eligible for auto-proxying)
[${project.name}][${env:SERVER_PORT}] 2021-01-19 19:59:29,311 INFO [pool-3-thread-1][AwaitingNonWebApplicationListener.java:140] -  [Dubbo] Current Spring Boot Application is await...
[${project.name}][${env:SERVER_PORT}] 2021-01-19 19:59:29,784 INFO [main][OverrideDubboConfigApplicationListener.java:68] - Dubbo Config was overridden by externalized configuration {dubbo.application.name=transaction-service, dubbo.application.qos-enable=false, dubbo.application.qos.port=22250, dubbo.config.multiple=true, dubbo.consumer.check=false, dubbo.consumer.retries=-1, dubbo.consumer.timeout=3000, dubbo.protocol.name=dubbo, dubbo.protocol.port=20893, dubbo.registry.address=nacos://127.0.0.1:8848, dubbo.scan.base-packages=com.shanjupay}
[${project.name}][${env:SERVER_PORT}] 2021-01-19 19:59:30,550 INFO [main][NacosPropertySourceBuilder.java:87] - Loading nacos data, dataId: 'spring-boot-http.yaml', group: 'COMMON_GROUP'
[${project.name}][${env:SERVER_PORT}] 2021-01-19 19:59:30,554 ERROR [main][NacosPropertySourceBuilder.java:109] - parse data from Nacos error,dataId:spring-boot-http.yaml,data:#HTTP格式配置
spring:
  http:
    encoding:
      charset: UTF‐8
        force: true
        enabled: true
    messages:
      encoding: UTF‐8

#tomcat头信息(用户ip和访问协议)及访问路径配置
server:
  tomcat:
    remote_ip_header: x‐forwarded‐for
    protocol_header: x‐forwarded‐proto
  servlet:
    context‐path: /
    use‐forward‐headers: true
#服务监控与管理配置，运维相关
management:
  endpoints:
    web:
      exposure:
      include: refresh,health,info,env,
mapping values are not allowed here
 in 'reader', line 6, column 14:
            force: true
                 ^

	at org.yaml.snakeyaml.scanner.ScannerImpl.fetchValue(ScannerImpl.java:870)
	at org.yaml.snakeyaml.scanner.ScannerImpl.fetchMoreTokens(ScannerImpl.java:358)
	at org.yaml.snakeyaml.scanner.ScannerImpl.checkToken(ScannerImpl.java:227)
	at org.yaml.snakeyaml.parser.ParserImpl$ParseBlockMappingKey.produce(ParserImpl.java:558)
	at org.yaml.snakeyaml.parser.ParserImpl.peekEvent(ParserImpl.java:158)
	at org.yaml.snakeyaml.parser.ParserImpl.checkEvent(ParserImpl.java:148)
	at org.yaml.snakeyaml.composer.Composer.composeMappingNode(Composer.java:214)
	at org.yaml.snakeyaml.composer.Composer.composeNode(Composer.java:144)
	at org.yaml.snakeyaml.composer.Composer.composeValueNode(Composer.java:236)
	at org.yaml.snakeyaml.composer.Composer.composeMappingChildren(Composer.java:227)
	at org.yaml.snakeyaml.composer.Composer.composeMappingNode(Composer.java:215)
	at org.yaml.snakeyaml.composer.Composer.composeNode(Composer.java:144)
	at org.yaml.snakeyaml.composer.Composer.composeValueNode(Composer.java:236)
	at org.yaml.snakeyaml.composer.Composer.composeMappingChildren(Composer.java:227)
	at org.yaml.snakeyaml.composer.Composer.composeMappingNode(Composer.java:215)
	at org.yaml.snakeyaml.composer.Composer.composeNode(Composer.java:144)
	at org.yaml.snakeyaml.composer.Composer.composeValueNode(Composer.java:236)
	at org.yaml.snakeyaml.composer.Composer.composeMappingChildren(Composer.java:227)
	at org.yaml.snakeyaml.composer.Composer.composeMappingNode(Composer.java:215)
	at org.yaml.snakeyaml.composer.Composer.composeNode(Composer.java:144)
	at org.yaml.snakeyaml.composer.Composer.getNode(Composer.java:85)
	at org.yaml.snakeyaml.constructor.BaseConstructor.getData(BaseConstructor.java:123)
	at org.yaml.snakeyaml.Yaml$1.next(Yaml.java:547)
	at org.springframework.beans.factory.config.YamlProcessor.process(YamlProcessor.java:161)
	at org.springframework.beans.factory.config.YamlProcessor.process(YamlProcessor.java:134)
	at org.springframework.beans.factory.config.YamlPropertiesFactoryBean.createProperties(YamlPropertiesFactoryBean.java:135)
	at org.springframework.beans.factory.config.YamlPropertiesFactoryBean.getObject(YamlPropertiesFactoryBean.java:115)
	at com.alibaba.cloud.nacos.client.NacosPropertySourceBuilder.loadNacosData(NacosPropertySourceBuilder.java:100)
	at com.alibaba.cloud.nacos.client.NacosPropertySourceBuilder.build(NacosPropertySourceBuilder.java:75)
	at com.alibaba.cloud.nacos.client.NacosPropertySourceLocator.loadNacosDataIfPresent(NacosPropertySourceLocator.java:179)
	at com.alibaba.cloud.nacos.client.NacosPropertySourceLocator.loadExtConfiguration(NacosPropertySourceLocator.java:129)
	at com.alibaba.cloud.nacos.client.NacosPropertySourceLocator.locate(NacosPropertySourceLocator.java:87)
	at org.springframework.cloud.bootstrap.config.PropertySourceBootstrapConfiguration.initialize(PropertySourceBootstrapConfiguration.java:94)
	at org.springframework.boot.SpringApplication.applyInitializers(SpringApplication.java:649)
	at org.springframework.boot.SpringApplication.prepareContext(SpringApplication.java:373)
	at org.springframework.boot.SpringApplication.run(SpringApplication.java:314)
	at org.springframework.boot.test.context.SpringBootContextLoader.loadContext(SpringBootContextLoader.java:127)
	at org.springframework.test.context.cache.DefaultCacheAwareContextLoaderDelegate.loadContextInternal(DefaultCacheAwareContextLoaderDelegate.java:99)
	at org.springframework.test.context.cache.DefaultCacheAwareContextLoaderDelegate.loadContext(DefaultCacheAwareContextLoaderDelegate.java:117)
	at org.springframework.test.context.support.DefaultTestContext.getApplicationContext(DefaultTestContext.java:108)
	at org.springframework.test.context.web.ServletTestExecutionListener.setUpRequestContextIfNecessary(ServletTestExecutionListener.java:190)
	at org.springframework.test.context.web.ServletTestExecutionListener.prepareTestInstance(ServletTestExecutionListener.java:132)
	at org.springframework.test.context.TestContextManager.prepareTestInstance(TestContextManager.java:246)
	at org.springframework.test.context.junit4.SpringJUnit4ClassRunner.createTest(SpringJUnit4ClassRunner.java:227)
	at org.springframework.test.context.junit4.SpringJUnit4ClassRunner$1.runReflectiveCall(SpringJUnit4ClassRunner.java:289)
	at org.junit.internal.runners.model.ReflectiveCallable.run(ReflectiveCallable.java:12)
	at org.springframework.test.context.junit4.SpringJUnit4ClassRunner.methodBlock(SpringJUnit4ClassRunner.java:291)
	at org.springframework.test.context.junit4.SpringJUnit4ClassRunner.runChild(SpringJUnit4ClassRunner.java:246)
	at org.springframework.test.context.junit4.SpringJUnit4ClassRunner.runChild(SpringJUnit4ClassRunner.java:97)
	at org.junit.runners.ParentRunner$3.run(ParentRunner.java:290)
	at org.junit.runners.ParentRunner$1.schedule(ParentRunner.java:71)
	at org.junit.runners.ParentRunner.runChildren(ParentRunner.java:288)
	at org.junit.runners.ParentRunner.access$000(ParentRunner.java:58)
	at org.junit.runners.ParentRunner$2.evaluate(ParentRunner.java:268)
	at org.springframework.test.context.junit4.statements.RunBeforeTestClassCallbacks.evaluate(RunBeforeTestClassCallbacks.java:61)
	at org.springframework.test.context.junit4.statements.RunAfterTestClassCallbacks.evaluate(RunAfterTestClassCallbacks.java:70)
	at org.junit.runners.ParentRunner.run(ParentRunner.java:363)
	at org.springframework.test.context.junit4.SpringJUnit4ClassRunner.run(SpringJUnit4ClassRunner.java:190)
	at org.junit.runner.JUnitCore.run(JUnitCore.java:137)
	at com.intellij.junit4.JUnit4IdeaTestRunner.startRunnerWithArgs(JUnit4IdeaTestRunner.java:69)
	at com.intellij.rt.junit.IdeaTestRunner$Repeater.startRunnerWithArgs(IdeaTestRunner.java:33)
	at com.intellij.rt.junit.JUnitStarter.prepareStreamsAndStart(JUnitStarter.java:220)
	at com.intellij.rt.junit.JUnitStarter.main(JUnitStarter.java:53)
[${project.name}][${env:SERVER_PORT}] 2021-01-19 19:59:30,603 INFO [main][NacosPropertySourceBuilder.java:87] - Loading nacos data, dataId: 'spring-boot-starter-druid.yaml', group: 'COMMON_GROUP'
[${project.name}][${env:SERVER_PORT}] 2021-01-19 19:59:30,622 INFO [main][NacosPropertySourceBuilder.java:87] - Loading nacos data, dataId: 'spring-boot-mybatis-plus.yaml', group: 'COMMON_GROUP'
[${project.name}][${env:SERVER_PORT}] 2021-01-19 19:59:30,636 INFO [main][NacosPropertySourceBuilder.java:87] - Loading nacos data, dataId: 'transaction-service.yaml', group: 'SHANJUPAY_GROUP'
[${project.name}][${env:SERVER_PORT}] 2021-01-19 19:59:30,638 INFO [main][PropertySourceBootstrapConfiguration.java:98] - Located property source: CompositePropertySource {name='NACOS', propertySources=[NacosPropertySource {name='transaction-service.yaml'}, NacosPropertySource {name='spring-boot-mybatis-plus.yaml'}, NacosPropertySource {name='spring-boot-starter-druid.yaml'}, NacosPropertySource {name='spring-boot-http.yaml'}]}
[${project.name}][${env:SERVER_PORT}] 2021-01-19 19:59:30,692 INFO [main][SpringApplication.java:675] - No active profile set, falling back to default profiles: default
[${project.name}][${env:SERVER_PORT}] 2021-01-19 19:59:33,509 WARN [main][EndpointId.java:135] - Endpoint ID 'nacos-config' contains invalid characters, please migrate to a valid format.
[${project.name}][${env:SERVER_PORT}] 2021-01-19 19:59:33,516 WARN [main][EndpointId.java:135] - Endpoint ID 'nacos-discovery' contains invalid characters, please migrate to a valid format.
[${project.name}][${env:SERVER_PORT}] 2021-01-19 19:59:33,604 INFO [main][DubboConfigBindingRegistrar.java:127] - The dubbo config bean definition [name : org.apache.dubbo.config.ApplicationConfig#0, class : org.apache.dubbo.config.ApplicationConfig] has been registered.
[${project.name}][${env:SERVER_PORT}] 2021-01-19 19:59:33,607 INFO [main][DubboConfigBindingRegistrar.java:151] - The BeanPostProcessor bean definition [org.apache.dubbo.config.spring.beans.factory.annotation.DubboConfigBindingBeanPostProcessor] for dubbo config bean [name : org.apache.dubbo.config.ApplicationConfig#0] has been registered.
[${project.name}][${env:SERVER_PORT}] 2021-01-19 19:59:33,609 INFO [main][DubboConfigBindingRegistrar.java:127] - The dubbo config bean definition [name : org.apache.dubbo.config.RegistryConfig#0, class : org.apache.dubbo.config.RegistryConfig] has been registered.
[${project.name}][${env:SERVER_PORT}] 2021-01-19 19:59:33,610 INFO [main][DubboConfigBindingRegistrar.java:151] - The BeanPostProcessor bean definition [org.apache.dubbo.config.spring.beans.factory.annotation.DubboConfigBindingBeanPostProcessor] for dubbo config bean [name : org.apache.dubbo.config.RegistryConfig#0] has been registered.
[${project.name}][${env:SERVER_PORT}] 2021-01-19 19:59:33,611 INFO [main][DubboConfigBindingRegistrar.java:127] - The dubbo config bean definition [name : org.apache.dubbo.config.ProtocolConfig#0, class : org.apache.dubbo.config.ProtocolConfig] has been registered.
[${project.name}][${env:SERVER_PORT}] 2021-01-19 19:59:33,612 INFO [main][DubboConfigBindingRegistrar.java:151] - The BeanPostProcessor bean definition [org.apache.dubbo.config.spring.beans.factory.annotation.DubboConfigBindingBeanPostProcessor] for dubbo config bean [name : org.apache.dubbo.config.ProtocolConfig#0] has been registered.
[${project.name}][${env:SERVER_PORT}] 2021-01-19 19:59:33,613 INFO [main][DubboConfigBindingRegistrar.java:127] - The dubbo config bean definition [name : org.apache.dubbo.config.ConsumerConfig#0, class : org.apache.dubbo.config.ConsumerConfig] has been registered.
[${project.name}][${env:SERVER_PORT}] 2021-01-19 19:59:33,614 INFO [main][DubboConfigBindingRegistrar.java:151] - The BeanPostProcessor bean definition [org.apache.dubbo.config.spring.beans.factory.annotation.DubboConfigBindingBeanPostProcessor] for dubbo config bean [name : org.apache.dubbo.config.ConsumerConfig#0] has been registered.
[${project.name}][${env:SERVER_PORT}] 2021-01-19 19:59:34,118 INFO [main][RepositoryConfigurationDelegate.java:244] - Multiple Spring Data modules found, entering strict repository configuration mode!
[${project.name}][${env:SERVER_PORT}] 2021-01-19 19:59:34,126 INFO [main][RepositoryConfigurationDelegate.java:126] - Bootstrapping Spring Data repositories in DEFAULT mode.
[${project.name}][${env:SERVER_PORT}] 2021-01-19 19:59:34,198 INFO [main][RepositoryConfigurationDelegate.java:182] - Finished Spring Data repository scanning in 30ms. Found 0 repository interfaces.
[${project.name}][${env:SERVER_PORT}] 2021-01-19 19:59:34,431 WARN [main][EndpointId.java:135] - Endpoint ID 'service-registry' contains invalid characters, please migrate to a valid format.
[${project.name}][${env:SERVER_PORT}] 2021-01-19 19:59:34,745 INFO [main][ServiceAnnotationBeanPostProcessor.java:204] -  [DUBBO] BeanNameGenerator bean can't be found in BeanFactory with name [org.springframework.context.annotation.internalConfigurationBeanNameGenerator], dubbo version: 2.7.3, current host: 192.168.23.1
[${project.name}][${env:SERVER_PORT}] 2021-01-19 19:59:34,746 INFO [main][ServiceAnnotationBeanPostProcessor.java:206] -  [DUBBO] BeanNameGenerator will be a instance of org.springframework.context.annotation.AnnotationBeanNameGenerator , it maybe a potential problem on bean name generation., dubbo version: 2.7.3, current host: 192.168.23.1
[${project.name}][${env:SERVER_PORT}] 2021-01-19 19:59:34,823 INFO [main][ServiceAnnotationBeanPostProcessor.java:284] -  [DUBBO] The BeanDefinition[Root bean: class [org.apache.dubbo.config.spring.ServiceBean]; scope=; abstract=false; lazyInit=false; autowireMode=0; dependencyCheck=0; autowireCandidate=true; primary=false; factoryBeanName=null; factoryMethodName=null; initMethodName=null; destroyMethodName=null] of ServiceBean has been registered with name : ServiceBean:com.shanjupay.transaction.api.PayChannelService, dubbo version: 2.7.3, current host: 192.168.23.1
[${project.name}][${env:SERVER_PORT}] 2021-01-19 19:59:34,823 INFO [main][ServiceAnnotationBeanPostProcessor.java:161] -  [DUBBO] 1 annotated Dubbo's @Service Components { [Bean definition with name 'payChannelServiceImpl': Generic bean: class [com.shanjupay.transaction.service.PayChannelServiceImpl]; scope=; abstract=false; lazyInit=false; autowireMode=0; dependencyCheck=0; autowireCandidate=true; primary=false; factoryBeanName=null; factoryMethodName=null; initMethodName=null; destroyMethodName=null; defined in file [E:\Java_Project\shanjupay\shanjupay-transaction\shanjupay-transaction-service\target\classes\com\shanjupay\transaction\service\PayChannelServiceImpl.class]] } were scanned under package[com.shanjupay], dubbo version: 2.7.3, current host: 192.168.23.1
[${project.name}][${env:SERVER_PORT}] 2021-01-19 19:59:34,827 INFO [main][ConfigurationClassPostProcessor.java:380] - Cannot enhance @Configuration bean definition 'org.apache.dubbo.spring.boot.autoconfigure.DubboRelaxedBinding2AutoConfiguration' since its singleton instance has been created too early. The typical cause is a non-static @Bean method with a BeanDefinitionRegistryPostProcessor return type: Consider declaring such methods as 'static'.
[${project.name}][${env:SERVER_PORT}] 2021-01-19 19:59:34,828 INFO [main][ConfigurationClassPostProcessor.java:380] - Cannot enhance @Configuration bean definition 'org.apache.dubbo.spring.boot.autoconfigure.DubboAutoConfiguration' since its singleton instance has been created too early. The typical cause is a non-static @Bean method with a BeanDefinitionRegistryPostProcessor return type: Consider declaring such methods as 'static'.
[${project.name}][${env:SERVER_PORT}] 2021-01-19 19:59:35,174 INFO [main][GenericScope.java:294] - BeanFactory id=e44d0192-7067-3bf3-9a74-89d8a05aae5e
[${project.name}][${env:SERVER_PORT}] 2021-01-19 19:59:35,611 INFO [main][PostProcessorRegistrationDelegate.java:330] - Bean 'org.springframework.transaction.annotation.ProxyTransactionManagementConfiguration' of type [org.springframework.transaction.annotation.ProxyTransactionManagementConfiguration$$EnhancerBySpringCGLIB$$511ddfca] is not eligible for getting processed by all BeanPostProcessors (for example: not eligible for auto-proxying)
[${project.name}][${env:SERVER_PORT}] 2021-01-19 19:59:35,843 INFO [main][PostProcessorRegistrationDelegate.java:330] - Bean 'com.alibaba.cloud.dubbo.autoconfigure.DubboOpenFeignAutoConfiguration' of type [com.alibaba.cloud.dubbo.autoconfigure.DubboOpenFeignAutoConfiguration$$EnhancerBySpringCGLIB$$d4df2ece] is not eligible for getting processed by all BeanPostProcessors (for example: not eligible for auto-proxying)
[${project.name}][${env:SERVER_PORT}] 2021-01-19 19:59:35,880 INFO [main][PostProcessorRegistrationDelegate.java:330] - Bean 'dubbo.cloud-com.alibaba.cloud.dubbo.env.DubboCloudProperties' of type [com.alibaba.cloud.dubbo.env.DubboCloudProperties] is not eligible for getting processed by all BeanPostProcessors (for example: not eligible for auto-proxying)
[${project.name}][${env:SERVER_PORT}] 2021-01-19 19:59:35,908 INFO [main][PostProcessorRegistrationDelegate.java:330] - Bean 'metadataJsonResolver' of type [com.alibaba.cloud.dubbo.metadata.resolver.DubboServiceBeanMetadataResolver] is not eligible for getting processed by all BeanPostProcessors (for example: not eligible for auto-proxying)
[${project.name}][${env:SERVER_PORT}] 2021-01-19 19:59:35,932 INFO [main][PostProcessorRegistrationDelegate.java:330] - Bean 'org.apache.dubbo.config.ApplicationConfig#0' of type [org.apache.dubbo.config.ApplicationConfig] is not eligible for getting processed by all BeanPostProcessors (for example: not eligible for auto-proxying)
[${project.name}][${env:SERVER_PORT}] 2021-01-19 19:59:35,945 INFO [main][PostProcessorRegistrationDelegate.java:330] - Bean 'dubboProtocolConfigSupplier' of type [com.alibaba.cloud.dubbo.metadata.DubboProtocolConfigSupplier] is not eligible for getting processed by all BeanPostProcessors (for example: not eligible for auto-proxying)
[${project.name}][${env:SERVER_PORT}] 2021-01-19 19:59:35,948 INFO [main][PostProcessorRegistrationDelegate.java:330] - Bean 'com.alibaba.cloud.dubbo.service.DubboMetadataServiceExporter' of type [com.alibaba.cloud.dubbo.service.DubboMetadataServiceExporter] is not eligible for getting processed by all BeanPostProcessors (for example: not eligible for auto-proxying)
[${project.name}][${env:SERVER_PORT}] 2021-01-19 19:59:35,950 INFO [main][PostProcessorRegistrationDelegate.java:330] - Bean 'com.alibaba.cloud.dubbo.autoconfigure.DubboMetadataAutoConfiguration' of type [com.alibaba.cloud.dubbo.autoconfigure.DubboMetadataAutoConfiguration$$EnhancerBySpringCGLIB$$471ecb48] is not eligible for getting processed by all BeanPostProcessors (for example: not eligible for auto-proxying)
[${project.name}][${env:SERVER_PORT}] 2021-01-19 19:59:35,960 INFO [main][PostProcessorRegistrationDelegate.java:330] - Bean 'com.alibaba.cloud.dubbo.autoconfigure.DubboServiceAutoConfiguration' of type [com.alibaba.cloud.dubbo.autoconfigure.DubboServiceAutoConfiguration$$EnhancerBySpringCGLIB$$d9c8d3a0] is not eligible for getting processed by all BeanPostProcessors (for example: not eligible for auto-proxying)
[${project.name}][${env:SERVER_PORT}] 2021-01-19 19:59:35,974 INFO [main][PostProcessorRegistrationDelegate.java:330] - Bean 'dubboGenericServiceFactory' of type [com.alibaba.cloud.dubbo.service.DubboGenericServiceFactory] is not eligible for getting processed by all BeanPostProcessors (for example: not eligible for auto-proxying)
[${project.name}][${env:SERVER_PORT}] 2021-01-19 19:59:35,981 INFO [main][PostProcessorRegistrationDelegate.java:330] - Bean 'dubboMetadataConfigServiceProxy' of type [com.alibaba.cloud.dubbo.service.DubboMetadataServiceProxy] is not eligible for getting processed by all BeanPostProcessors (for example: not eligible for auto-proxying)
[${project.name}][${env:SERVER_PORT}] 2021-01-19 19:59:35,990 INFO [main][PostProcessorRegistrationDelegate.java:330] - Bean 'org.springframework.cloud.client.discovery.composite.CompositeDiscoveryClientAutoConfiguration' of type [org.springframework.cloud.client.discovery.composite.CompositeDiscoveryClientAutoConfiguration$$EnhancerBySpringCGLIB$$9a0e0d5a] is not eligible for getting processed by all BeanPostProcessors (for example: not eligible for auto-proxying)
[${project.name}][${env:SERVER_PORT}] 2021-01-19 19:59:36,003 INFO [main][PostProcessorRegistrationDelegate.java:330] - Bean 'com.alibaba.cloud.nacos.discovery.NacosDiscoveryClientAutoConfiguration' of type [com.alibaba.cloud.nacos.discovery.NacosDiscoveryClientAutoConfiguration$$EnhancerBySpringCGLIB$$8dd9161f] is not eligible for getting processed by all BeanPostProcessors (for example: not eligible for auto-proxying)
[${project.name}][${env:SERVER_PORT}] 2021-01-19 19:59:36,029 INFO [main][PostProcessorRegistrationDelegate.java:330] - Bean 'org.springframework.cloud.commons.util.UtilAutoConfiguration' of type [org.springframework.cloud.commons.util.UtilAutoConfiguration$$EnhancerBySpringCGLIB$$18cba94e] is not eligible for getting processed by all BeanPostProcessors (for example: not eligible for auto-proxying)
[${project.name}][${env:SERVER_PORT}] 2021-01-19 19:59:36,042 INFO [main][PostProcessorRegistrationDelegate.java:330] - Bean 'inetUtilsProperties' of type [org.springframework.cloud.commons.util.InetUtilsProperties] is not eligible for getting processed by all BeanPostProcessors (for example: not eligible for auto-proxying)
[${project.name}][${env:SERVER_PORT}] 2021-01-19 19:59:36,055 INFO [main][PostProcessorRegistrationDelegate.java:330] - Bean 'inetUtils' of type [org.springframework.cloud.commons.util.InetUtils] is not eligible for getting processed by all BeanPostProcessors (for example: not eligible for auto-proxying)
[${project.name}][${env:SERVER_PORT}] 2021-01-19 19:59:36,461 INFO [main][PostProcessorRegistrationDelegate.java:330] - Bean 'nacosProperties' of type [com.alibaba.cloud.nacos.NacosDiscoveryProperties] is not eligible for getting processed by all BeanPostProcessors (for example: not eligible for auto-proxying)
[${project.name}][${env:SERVER_PORT}] 2021-01-19 19:59:36,506 INFO [main][PostProcessorRegistrationDelegate.java:330] - Bean 'nacosDiscoveryClient' of type [com.alibaba.cloud.nacos.discovery.NacosDiscoveryClient] is not eligible for getting processed by all BeanPostProcessors (for example: not eligible for auto-proxying)
[${project.name}][${env:SERVER_PORT}] 2021-01-19 19:59:36,541 INFO [main][PostProcessorRegistrationDelegate.java:330] - Bean 'server-org.springframework.boot.autoconfigure.web.ServerProperties' of type [org.springframework.boot.autoconfigure.web.ServerProperties] is not eligible for getting processed by all BeanPostProcessors (for example: not eligible for auto-proxying)
[${project.name}][${env:SERVER_PORT}] 2021-01-19 19:59:36,547 INFO [main][PostProcessorRegistrationDelegate.java:330] - Bean 'org.springframework.cloud.client.discovery.simple.SimpleDiscoveryClientAutoConfiguration' of type [org.springframework.cloud.client.discovery.simple.SimpleDiscoveryClientAutoConfiguration$$EnhancerBySpringCGLIB$$663ca628] is not eligible for getting processed by all BeanPostProcessors (for example: not eligible for auto-proxying)
[${project.name}][${env:SERVER_PORT}] 2021-01-19 19:59:36,981 INFO [main][PostProcessorRegistrationDelegate.java:330] - Bean 'simpleDiscoveryProperties' of type [org.springframework.cloud.client.discovery.simple.SimpleDiscoveryProperties] is not eligible for getting processed by all BeanPostProcessors (for example: not eligible for auto-proxying)
[${project.name}][${env:SERVER_PORT}] 2021-01-19 19:59:36,993 INFO [main][PostProcessorRegistrationDelegate.java:330] - Bean 'simpleDiscoveryClient' of type [org.springframework.cloud.client.discovery.simple.SimpleDiscoveryClient] is not eligible for getting processed by all BeanPostProcessors (for example: not eligible for auto-proxying)
[${project.name}][${env:SERVER_PORT}] 2021-01-19 19:59:37,006 INFO [main][PostProcessorRegistrationDelegate.java:330] - Bean 'compositeDiscoveryClient' of type [org.springframework.cloud.client.discovery.composite.CompositeDiscoveryClient] is not eligible for getting processed by all BeanPostProcessors (for example: not eligible for auto-proxying)
[${project.name}][${env:SERVER_PORT}] 2021-01-19 19:59:37,019 INFO [main][PostProcessorRegistrationDelegate.java:330] - Bean 'com.alibaba.cloud.dubbo.util.JSONUtils' of type [com.alibaba.cloud.dubbo.util.JSONUtils] is not eligible for getting processed by all BeanPostProcessors (for example: not eligible for auto-proxying)
[${project.name}][${env:SERVER_PORT}] 2021-01-19 19:59:37,298 WARN [main][DubboServiceMetadataRepository.java:216] - Current application will subscribe all services(size:0) in registry, a lot of memory and CPU cycles may be used, thus it's strongly recommend you using the externalized property 'dubbo.cloud.subscribed-services' to specify the services
[${project.name}][${env:SERVER_PORT}] 2021-01-19 19:59:37,299 INFO [main][PostProcessorRegistrationDelegate.java:330] - Bean 'com.alibaba.cloud.dubbo.metadata.repository.DubboServiceMetadataRepository' of type [com.alibaba.cloud.dubbo.metadata.repository.DubboServiceMetadataRepository] is not eligible for getting processed by all BeanPostProcessors (for example: not eligible for auto-proxying)
[${project.name}][${env:SERVER_PORT}] 2021-01-19 19:59:37,373 INFO [main][PostProcessorRegistrationDelegate.java:330] - Bean 'com.alibaba.cloud.dubbo.service.parameter.RequestParamServiceParameterResolver' of type [com.alibaba.cloud.dubbo.service.parameter.RequestParamServiceParameterResolver] is not eligible for getting processed by all BeanPostProcessors (for example: not eligible for auto-proxying)
[${project.name}][${env:SERVER_PORT}] 2021-01-19 19:59:37,407 INFO [main][PostProcessorRegistrationDelegate.java:330] - Bean 'spring.http-org.springframework.boot.autoconfigure.http.HttpProperties' of type [org.springframework.boot.autoconfigure.http.HttpProperties] is not eligible for getting processed by all BeanPostProcessors (for example: not eligible for auto-proxying)
[${project.name}][${env:SERVER_PORT}] 2021-01-19 19:59:37,419 INFO [main][PostProcessorRegistrationDelegate.java:330] - Bean 'org.springframework.boot.autoconfigure.http.HttpMessageConvertersAutoConfiguration$StringHttpMessageConverterConfiguration' of type [org.springframework.boot.autoconfigure.http.HttpMessageConvertersAutoConfiguration$StringHttpMessageConverterConfiguration$$EnhancerBySpringCGLIB$$9e5f71fe] is not eligible for getting processed by all BeanPostProcessors (for example: not eligible for auto-proxying)
[${project.name}][${env:SERVER_PORT}] 2021-01-19 19:59:37,435 INFO [main][PostProcessorRegistrationDelegate.java:330] - Bean 'stringHttpMessageConverter' of type [org.springframework.http.converter.StringHttpMessageConverter] is not eligible for getting processed by all BeanPostProcessors (for example: not eligible for auto-proxying)
[${project.name}][${env:SERVER_PORT}] 2021-01-19 19:59:37,446 INFO [main][PostProcessorRegistrationDelegate.java:330] - Bean 'org.springframework.boot.autoconfigure.http.JacksonHttpMessageConvertersConfiguration$MappingJackson2HttpMessageConverterConfiguration' of type [org.springframework.boot.autoconfigure.http.JacksonHttpMessageConvertersConfiguration$MappingJackson2HttpMessageConverterConfiguration$$EnhancerBySpringCGLIB$$d8356dfe] is not eligible for getting processed by all BeanPostProcessors (for example: not eligible for auto-proxying)
[${project.name}][${env:SERVER_PORT}] 2021-01-19 19:59:37,457 INFO [main][PostProcessorRegistrationDelegate.java:330] - Bean 'org.springframework.boot.autoconfigure.jackson.JacksonAutoConfiguration$JacksonObjectMapperConfiguration' of type [org.springframework.boot.autoconfigure.jackson.JacksonAutoConfiguration$JacksonObjectMapperConfiguration$$EnhancerBySpringCGLIB$$acb15f5b] is not eligible for getting processed by all BeanPostProcessors (for example: not eligible for auto-proxying)
[${project.name}][${env:SERVER_PORT}] 2021-01-19 19:59:37,471 INFO [main][PostProcessorRegistrationDelegate.java:330] - Bean 'org.springframework.boot.autoconfigure.jackson.JacksonAutoConfiguration$JacksonObjectMapperBuilderConfiguration' of type [org.springframework.boot.autoconfigure.jackson.JacksonAutoConfiguration$JacksonObjectMapperBuilderConfiguration$$EnhancerBySpringCGLIB$$5efe2174] is not eligible for getting processed by all BeanPostProcessors (for example: not eligible for auto-proxying)
[${project.name}][${env:SERVER_PORT}] 2021-01-19 19:59:37,496 INFO [main][PostProcessorRegistrationDelegate.java:330] - Bean 'org.springframework.boot.autoconfigure.jackson.JacksonAutoConfiguration$Jackson2ObjectMapperBuilderCustomizerConfiguration' of type [org.springframework.boot.autoconfigure.jackson.JacksonAutoConfiguration$Jackson2ObjectMapperBuilderCustomizerConfiguration$$EnhancerBySpringCGLIB$$1a150763] is not eligible for getting processed by all BeanPostProcessors (for example: not eligible for auto-proxying)
[${project.name}][${env:SERVER_PORT}] 2021-01-19 19:59:37,523 INFO [main][PostProcessorRegistrationDelegate.java:330] - Bean 'spring.jackson-org.springframework.boot.autoconfigure.jackson.JacksonProperties' of type [org.springframework.boot.autoconfigure.jackson.JacksonProperties] is not eligible for getting processed by all BeanPostProcessors (for example: not eligible for auto-proxying)
[${project.name}][${env:SERVER_PORT}] 2021-01-19 19:59:37,543 INFO [main][PostProcessorRegistrationDelegate.java:330] - Bean 'standardJacksonObjectMapperBuilderCustomizer' of type [org.springframework.boot.autoconfigure.jackson.JacksonAutoConfiguration$Jackson2ObjectMapperBuilderCustomizerConfiguration$StandardJackson2ObjectMapperBuilderCustomizer] is not eligible for getting processed by all BeanPostProcessors (for example: not eligible for auto-proxying)
[${project.name}][${env:SERVER_PORT}] 2021-01-19 19:59:37,567 INFO [main][PostProcessorRegistrationDelegate.java:330] - Bean 'org.springframework.boot.autoconfigure.jackson.JacksonAutoConfiguration$ParameterNamesModuleConfiguration' of type [org.springframework.boot.autoconfigure.jackson.JacksonAutoConfiguration$ParameterNamesModuleConfiguration$$EnhancerBySpringCGLIB$$40e07e91] is not eligible for getting processed by all BeanPostProcessors (for example: not eligible for auto-proxying)
[${project.name}][${env:SERVER_PORT}] 2021-01-19 19:59:37,595 INFO [main][PostProcessorRegistrationDelegate.java:330] - Bean 'parameterNamesModule' of type [com.fasterxml.jackson.module.paramnames.ParameterNamesModule] is not eligible for getting processed by all BeanPostProcessors (for example: not eligible for auto-proxying)
[${project.name}][${env:SERVER_PORT}] 2021-01-19 19:59:37,632 INFO [main][PostProcessorRegistrationDelegate.java:330] - Bean 'org.springframework.boot.autoconfigure.jackson.JacksonAutoConfiguration' of type [org.springframework.boot.autoconfigure.jackson.JacksonAutoConfiguration$$EnhancerBySpringCGLIB$$8ebcfcea] is not eligible for getting processed by all BeanPostProcessors (for example: not eligible for auto-proxying)
[${project.name}][${env:SERVER_PORT}] 2021-01-19 19:59:37,651 INFO [main][PostProcessorRegistrationDelegate.java:330] - Bean 'jsonComponentModule' of type [org.springframework.boot.jackson.JsonComponentModule] is not eligible for getting processed by all BeanPostProcessors (for example: not eligible for auto-proxying)
[${project.name}][${env:SERVER_PORT}] 2021-01-19 19:59:37,656 INFO [main][PostProcessorRegistrationDelegate.java:330] - Bean 'org.springframework.data.web.config.SpringDataJacksonConfiguration' of type [org.springframework.data.web.config.SpringDataJacksonConfiguration] is not eligible for getting processed by all BeanPostProcessors (for example: not eligible for auto-proxying)
[${project.name}][${env:SERVER_PORT}] 2021-01-19 19:59:37,722 INFO [main][PostProcessorRegistrationDelegate.java:330] - Bean 'jacksonGeoModule' of type [org.springframework.data.geo.GeoModule] is not eligible for getting processed by all BeanPostProcessors (for example: not eligible for auto-proxying)
[${project.name}][${env:SERVER_PORT}] 2021-01-19 19:59:37,735 INFO [main][PostProcessorRegistrationDelegate.java:330] - Bean 'jacksonObjectMapperBuilder' of type [org.springframework.http.converter.json.Jackson2ObjectMapperBuilder] is not eligible for getting processed by all BeanPostProcessors (for example: not eligible for auto-proxying)
[${project.name}][${env:SERVER_PORT}] 2021-01-19 19:59:37,800 INFO [main][PostProcessorRegistrationDelegate.java:330] - Bean 'jacksonObjectMapper' of type [com.fasterxml.jackson.databind.ObjectMapper] is not eligible for getting processed by all BeanPostProcessors (for example: not eligible for auto-proxying)
[${project.name}][${env:SERVER_PORT}] 2021-01-19 19:59:37,837 INFO [main][PostProcessorRegistrationDelegate.java:330] - Bean 'mappingJackson2HttpMessageConverter' of type [org.springframework.http.converter.json.MappingJackson2HttpMessageConverter] is not eligible for getting processed by all BeanPostProcessors (for example: not eligible for auto-proxying)
[${project.name}][${env:SERVER_PORT}] 2021-01-19 19:59:37,853 INFO [main][PostProcessorRegistrationDelegate.java:330] - Bean 'org.springframework.boot.autoconfigure.http.HttpMessageConvertersAutoConfiguration' of type [org.springframework.boot.autoconfigure.http.HttpMessageConvertersAutoConfiguration$$EnhancerBySpringCGLIB$$6b51ab5e] is not eligible for getting processed by all BeanPostProcessors (for example: not eligible for auto-proxying)
[${project.name}][${env:SERVER_PORT}] 2021-01-19 19:59:37,870 INFO [main][PostProcessorRegistrationDelegate.java:330] - Bean 'messageConverters' of type [org.springframework.boot.autoconfigure.http.HttpMessageConverters] is not eligible for getting processed by all BeanPostProcessors (for example: not eligible for auto-proxying)
[${project.name}][${env:SERVER_PORT}] 2021-01-19 19:59:37,875 INFO [main][PostProcessorRegistrationDelegate.java:330] - Bean 'com.alibaba.cloud.dubbo.service.parameter.RequestBodyServiceParameterResolver' of type [com.alibaba.cloud.dubbo.service.parameter.RequestBodyServiceParameterResolver] is not eligible for getting processed by all BeanPostProcessors (for example: not eligible for auto-proxying)
[${project.name}][${env:SERVER_PORT}] 2021-01-19 19:59:37,887 INFO [main][PostProcessorRegistrationDelegate.java:330] - Bean 'com.alibaba.cloud.dubbo.service.parameter.RequestHeaderServiceParameterResolver' of type [com.alibaba.cloud.dubbo.service.parameter.RequestHeaderServiceParameterResolver] is not eligible for getting processed by all BeanPostProcessors (for example: not eligible for auto-proxying)
[${project.name}][${env:SERVER_PORT}] 2021-01-19 19:59:37,902 INFO [main][PostProcessorRegistrationDelegate.java:330] - Bean 'com.alibaba.cloud.dubbo.service.parameter.PathVariableServiceParameterResolver' of type [com.alibaba.cloud.dubbo.service.parameter.PathVariableServiceParameterResolver] is not eligible for getting processed by all BeanPostProcessors (for example: not eligible for auto-proxying)
[${project.name}][${env:SERVER_PORT}] 2021-01-19 19:59:37,903 INFO [main][PostProcessorRegistrationDelegate.java:330] - Bean 'com.alibaba.cloud.dubbo.service.DubboGenericServiceExecutionContextFactory' of type [com.alibaba.cloud.dubbo.service.DubboGenericServiceExecutionContextFactory] is not eligible for getting processed by all BeanPostProcessors (for example: not eligible for auto-proxying)
[${project.name}][${env:SERVER_PORT}] 2021-01-19 19:59:37,928 INFO [main][PostProcessorRegistrationDelegate.java:330] - Bean 'relaxedDubboConfigBinder' of type [org.apache.dubbo.spring.boot.autoconfigure.BinderDubboConfigBinder] is not eligible for getting processed by all BeanPostProcessors (for example: not eligible for auto-proxying)
[${project.name}][${env:SERVER_PORT}] 2021-01-19 19:59:38,022 INFO [main][PostProcessorRegistrationDelegate.java:330] - Bean 'relaxedDubboConfigBinder' of type [org.apache.dubbo.spring.boot.autoconfigure.BinderDubboConfigBinder] is not eligible for getting processed by all BeanPostProcessors (for example: not eligible for auto-proxying)
[${project.name}][${env:SERVER_PORT}] 2021-01-19 19:59:38,030 INFO [main][PostProcessorRegistrationDelegate.java:330] - Bean 'relaxedDubboConfigBinder' of type [org.apache.dubbo.spring.boot.autoconfigure.BinderDubboConfigBinder] is not eligible for getting processed by all BeanPostProcessors (for example: not eligible for auto-proxying)
[${project.name}][${env:SERVER_PORT}] 2021-01-19 19:59:38,043 INFO [main][PostProcessorRegistrationDelegate.java:330] - Bean 'relaxedDubboConfigBinder' of type [org.apache.dubbo.spring.boot.autoconfigure.BinderDubboConfigBinder] is not eligible for getting processed by all BeanPostProcessors (for example: not eligible for auto-proxying)
[${project.name}][${env:SERVER_PORT}] 2021-01-19 19:59:38,095 INFO [main][PostProcessorRegistrationDelegate.java:330] - Bean 'org.springframework.cloud.autoconfigure.ConfigurationPropertiesRebinderAutoConfiguration' of type [org.springframework.cloud.autoconfigure.ConfigurationPropertiesRebinderAutoConfiguration$$EnhancerBySpringCGLIB$$6d37e2c7] is not eligible for getting processed by all BeanPostProcessors (for example: not eligible for auto-proxying)
[${project.name}][${env:SERVER_PORT}] 2021-01-19 19:59:38,488 INFO [main][DruidDataSourceAutoConfigure.java:56] - Init DruidDataSource
[${project.name}][${env:SERVER_PORT}] 2021-01-19 19:59:39,381 INFO [main][DruidDataSource.java:1002] - {dataSource-1} inited
[${project.name}][${env:SERVER_PORT}] 2021-01-19 19:59:41,362 WARN [main][URLConfigurationSource.java:121] - No URLs will be polled as dynamic configuration sources.
[${project.name}][${env:SERVER_PORT}] 2021-01-19 19:59:41,363 INFO [main][URLConfigurationSource.java:122] - To enable URLs as dynamic configuration sources, define System property archaius.configurationSource.additionalUrls or make config.properties available on classpath.
[${project.name}][${env:SERVER_PORT}] 2021-01-19 19:59:41,382 WARN [main][URLConfigurationSource.java:121] - No URLs will be polled as dynamic configuration sources.
[${project.name}][${env:SERVER_PORT}] 2021-01-19 19:59:41,384 INFO [main][URLConfigurationSource.java:122] - To enable URLs as dynamic configuration sources, define System property archaius.configurationSource.additionalUrls or make config.properties available on classpath.
[${project.name}][${env:SERVER_PORT}] 2021-01-19 19:59:43,249 INFO [main][ExecutorConfigurationSupport.java:171] - Initializing ExecutorService 'applicationTaskExecutor'
[${project.name}][${env:SERVER_PORT}] 2021-01-19 19:59:44,228 INFO [main][ExecutorConfigurationSupport.java:171] - Initializing ExecutorService
[${project.name}][${env:SERVER_PORT}] 2021-01-19 19:59:44,389 INFO [main][DubboConfigBindingBeanPostProcessor.java:109] - The properties of bean [name : org.apache.dubbo.config.RegistryConfig#0] have been binding by prefix of configuration properties : dubbo.registry
[${project.name}][${env:SERVER_PORT}] 2021-01-19 19:59:44,401 INFO [main][DubboConfigBindingBeanPostProcessor.java:109] - The properties of bean [name : org.apache.dubbo.config.ProtocolConfig#0] have been binding by prefix of configuration properties : dubbo.protocol
[${project.name}][${env:SERVER_PORT}] 2021-01-19 19:59:44,441 INFO [main][DubboConfigBindingBeanPostProcessor.java:109] - The properties of bean [name : org.apache.dubbo.config.ConsumerConfig#0] have been binding by prefix of configuration properties : dubbo.consumer
[${project.name}][${env:SERVER_PORT}] 2021-01-19 19:59:49,751 INFO [main][EndpointLinksResolver.java:59] - Exposing 2 endpoint(s) beneath base path '/actuator'
[${project.name}][${env:SERVER_PORT}] 2021-01-19 19:59:50,356 INFO [main][DubboServiceMetadataRepository.java:262] - The metadata of Dubbo services has been initialized
[${project.name}][${env:SERVER_PORT}] 2021-01-19 19:59:50,456 WARN [ThreadPoolTaskScheduler-1][DubboServiceMetadataRepository.java:216] - Current application will subscribe all services(size:0) in registry, a lot of memory and CPU cycles may be used, thus it's strongly recommend you using the externalized property 'dubbo.cloud.subscribed-services' to specify the services
[${project.name}][${env:SERVER_PORT}] 2021-01-19 19:59:50,477 INFO [main][ServiceBean.java:112] -  [DUBBO] The service ready on spring started. service: com.shanjupay.transaction.api.PayChannelService, dubbo version: 2.7.3, current host: 192.168.23.1
[${project.name}][${env:SERVER_PORT}] 2021-01-19 19:59:50,529 WARN [main][AbstractInterfaceConfig.java:265] -  [DUBBO] There's no valid metadata config found, if you are using the simplified mode of registry url, please make sure you have a metadata address configured properly., dubbo version: 2.7.3, current host: 192.168.23.1
[${project.name}][${env:SERVER_PORT}] 2021-01-19 19:59:50,785 INFO [main][ServiceConfig.java:643] -  [DUBBO] Export dubbo service com.shanjupay.transaction.api.PayChannelService to local registry url : injvm://127.0.0.1/com.shanjupay.transaction.api.PayChannelService?anyhost=true&application=transaction-service&bean.name=ServiceBean:com.shanjupay.transaction.api.PayChannelService&bind.ip=192.168.23.1&bind.port=20893&deprecated=false&dubbo=2.0.2&dynamic=true&generic=false&interface=com.shanjupay.transaction.api.PayChannelService&methods=queryPlatformChannel,bindPlatformChannelForApp,queryAppBindPlatformChannel,queryPayChannelByPlatformChannel&pid=2268&qos.enable=false&qos.port=22250&register=true&release=2.7.3&side=provider&timestamp=1611057590548, dubbo version: 2.7.3, current host: 192.168.23.1
[${project.name}][${env:SERVER_PORT}] 2021-01-19 19:59:50,786 INFO [main][ServiceConfig.java:581] -  [DUBBO] Export dubbo service com.shanjupay.transaction.api.PayChannelService to url dubbo://192.168.23.1:20893/com.shanjupay.transaction.api.PayChannelService?anyhost=true&application=transaction-service&bean.name=ServiceBean:com.shanjupay.transaction.api.PayChannelService&bind.ip=192.168.23.1&bind.port=20893&deprecated=false&dubbo=2.0.2&dynamic=true&generic=false&interface=com.shanjupay.transaction.api.PayChannelService&methods=queryPlatformChannel,bindPlatformChannelForApp,queryAppBindPlatformChannel,queryPayChannelByPlatformChannel&pid=2268&qos.enable=false&qos.port=22250&register=true&release=2.7.3&side=provider&timestamp=1611057590548, dubbo version: 2.7.3, current host: 192.168.23.1
[${project.name}][${env:SERVER_PORT}] 2021-01-19 19:59:50,788 INFO [main][AbstractInterfaceConfig.java:237] -  [DUBBO] There's no valid monitor config found, if you want to open monitor statistics for Dubbo, please make sure your monitor is configured properly., dubbo version: 2.7.3, current host: 192.168.23.1
[${project.name}][${env:SERVER_PORT}] 2021-01-19 19:59:50,789 INFO [main][ServiceConfig.java:595] -  [DUBBO] Register dubbo service com.shanjupay.transaction.api.PayChannelService url dubbo://192.168.23.1:20893/com.shanjupay.transaction.api.PayChannelService?anyhost=true&application=transaction-service&bean.name=ServiceBean:com.shanjupay.transaction.api.PayChannelService&bind.ip=192.168.23.1&bind.port=20893&deprecated=false&dubbo=2.0.2&dynamic=true&generic=false&interface=com.shanjupay.transaction.api.PayChannelService&methods=queryPlatformChannel,bindPlatformChannelForApp,queryAppBindPlatformChannel,queryPayChannelByPlatformChannel&pid=2268&qos.enable=false&qos.port=22250&register=true&release=2.7.3&side=provider&timestamp=1611057590548 to registry registry://localhost:9090/org.apache.dubbo.registry.RegistryService?application=transaction-service&dubbo=2.0.2&pid=2268&qos.enable=false&qos.port=22250&registry=spring-cloud&release=2.7.3&timestamp=1611057590533, dubbo version: 2.7.3, current host: 192.168.23.1
[${project.name}][${env:SERVER_PORT}] 2021-01-19 19:59:50,855 INFO [main][QosProtocolWrapper.java:89] -  [DUBBO] qos won't be started because it is disabled. Please check dubbo.application.qos.enable is configured either in system property, dubbo.properties or XML/spring-boot configuration., dubbo version: 2.7.3, current host: 192.168.23.1
[${project.name}][${env:SERVER_PORT}] 2021-01-19 19:59:51,808 INFO [main][AbstractServer.java:73] -  [DUBBO] Start NettyServer bind /0.0.0.0:20893, export /192.168.23.1:20893, dubbo version: 2.7.3, current host: 192.168.23.1
[${project.name}][${env:SERVER_PORT}] 2021-01-19 19:59:51,811 WARN [main][SpringExtensionFactory.java:86] -  [DUBBO] No spring extension (bean) named:applicationContext, try to find an extension (bean) of type org.springframework.context.ConfigurableApplicationContext, dubbo version: 2.7.3, current host: 192.168.23.1
[${project.name}][${env:SERVER_PORT}] 2021-01-19 19:59:51,813 WARN [main][SpringExtensionFactory.java:104] -  [DUBBO] No spring extension (bean) named:applicationContext, type:org.springframework.context.ConfigurableApplicationContext found, stop get bean., dubbo version: 2.7.3, current host: 192.168.23.1
[${project.name}][${env:SERVER_PORT}] 2021-01-19 19:59:51,828 INFO [main][AbstractRegistry.java:280] -  [DUBBO] Register: dubbo://192.168.23.1:20893/com.shanjupay.transaction.api.PayChannelService?anyhost=true&application=transaction-service&bean.name=ServiceBean:com.shanjupay.transaction.api.PayChannelService&deprecated=false&dubbo=2.0.2&dynamic=true&generic=false&interface=com.shanjupay.transaction.api.PayChannelService&methods=queryPlatformChannel,bindPlatformChannelForApp,queryAppBindPlatformChannel,queryPayChannelByPlatformChannel&pid=2268&register=true&release=2.7.3&side=provider&timestamp=1611057590548, dubbo version: 2.7.3, current host: 192.168.23.1
[${project.name}][${env:SERVER_PORT}] 2021-01-19 19:59:52,156 INFO [main][AbstractRegistry.java:305] -  [DUBBO] Subscribe: provider://192.168.23.1:20893/com.shanjupay.transaction.api.PayChannelService?anyhost=true&application=transaction-service&bean.name=ServiceBean:com.shanjupay.transaction.api.PayChannelService&bind.ip=192.168.23.1&bind.port=20893&category=configurators&check=false&deprecated=false&dubbo=2.0.2&dynamic=true&generic=false&interface=com.shanjupay.transaction.api.PayChannelService&methods=queryPlatformChannel,bindPlatformChannelForApp,queryAppBindPlatformChannel,queryPayChannelByPlatformChannel&pid=2268&qos.enable=false&qos.port=22250&register=true&release=2.7.3&side=provider&timestamp=1611057590548, dubbo version: 2.7.3, current host: 192.168.23.1
[${project.name}][${env:SERVER_PORT}] 2021-01-19 19:59:52,159 INFO [main][AbstractInterfaceConfig.java:237] -  [DUBBO] There's no valid monitor config found, if you want to open monitor statistics for Dubbo, please make sure your monitor is configured properly., dubbo version: 2.7.3, current host: 192.168.23.1
[${project.name}][${env:SERVER_PORT}] 2021-01-19 19:59:52,160 INFO [main][ServiceConfig.java:595] -  [DUBBO] Register dubbo service com.shanjupay.transaction.api.PayChannelService url dubbo://192.168.23.1:20893/com.shanjupay.transaction.api.PayChannelService?anyhost=true&application=transaction-service&bean.name=ServiceBean:com.shanjupay.transaction.api.PayChannelService&bind.ip=192.168.23.1&bind.port=20893&deprecated=false&dubbo=2.0.2&dynamic=true&generic=false&interface=com.shanjupay.transaction.api.PayChannelService&methods=queryPlatformChannel,bindPlatformChannelForApp,queryAppBindPlatformChannel,queryPayChannelByPlatformChannel&pid=2268&qos.enable=false&qos.port=22250&register=true&release=2.7.3&side=provider&timestamp=1611057590548 to registry registry://127.0.0.1:8848/org.apache.dubbo.registry.RegistryService?application=transaction-service&dubbo=2.0.2&pid=2268&qos.enable=false&qos.port=22250&registry=nacos&release=2.7.3&timestamp=1611057590545, dubbo version: 2.7.3, current host: 192.168.23.1
[${project.name}][${env:SERVER_PORT}] 2021-01-19 19:59:52,169 INFO [main][AbstractRegistry.java:212] -  [DUBBO] Load registry cache file C:\Users\HSY\.dubbo\dubbo-registry-transaction-service-127.0.0.1:8848.cache, data: {merchant-application/com.alibaba.cloud.dubbo.service.DubboMetadataService:1.0.0=dubbo://192.168.23.1:20891/com.alibaba.cloud.dubbo.service.DubboMetadataService?anyhost=true&application=merchant-application&category=providers&deprecated=false&dubbo=2.0.2&dynamic=true&generic=false&group=merchant-application&interface=com.alibaba.cloud.dubbo.service.DubboMetadataService&methods=getAllServiceKeys,getServiceRestMetadata,getExportedURLs,getAllExportedURLs&path=com.alibaba.cloud.dubbo.service.DubboMetadataService&pid=17924&protocol=dubbo&register=true&release=2.7.3&revision=2.1.0.RELEASE&side=provider&timestamp=1611027291920&version=1.0.0}, dubbo version: 2.7.3, current host: 192.168.23.1
[${project.name}][${env:SERVER_PORT}] 2021-01-19 19:59:52,172 INFO [main][AbstractRegistry.java:280] -  [DUBBO] Register: dubbo://192.168.23.1:20893/com.shanjupay.transaction.api.PayChannelService?anyhost=true&application=transaction-service&bean.name=ServiceBean:com.shanjupay.transaction.api.PayChannelService&deprecated=false&dubbo=2.0.2&dynamic=true&generic=false&interface=com.shanjupay.transaction.api.PayChannelService&methods=queryPlatformChannel,bindPlatformChannelForApp,queryAppBindPlatformChannel,queryPayChannelByPlatformChannel&pid=2268&register=true&release=2.7.3&side=provider&timestamp=1611057590548, dubbo version: 2.7.3, current host: 192.168.23.1
[${project.name}][${env:SERVER_PORT}] 2021-01-19 19:59:52,485 INFO [main][AbstractRegistry.java:305] -  [DUBBO] Subscribe: provider://192.168.23.1:20893/com.shanjupay.transaction.api.PayChannelService?anyhost=true&application=transaction-service&bean.name=ServiceBean:com.shanjupay.transaction.api.PayChannelService&bind.ip=192.168.23.1&bind.port=20893&category=configurators&check=false&deprecated=false&dubbo=2.0.2&dynamic=true&generic=false&interface=com.shanjupay.transaction.api.PayChannelService&methods=queryPlatformChannel,bindPlatformChannelForApp,queryAppBindPlatformChannel,queryPayChannelByPlatformChannel&pid=2268&qos.enable=false&qos.port=22250&register=true&release=2.7.3&side=provider&timestamp=1611057590548, dubbo version: 2.7.3, current host: 192.168.23.1
[${project.name}][${env:SERVER_PORT}] 2021-01-19 19:59:52,608 WARN [main][AbstractRegistry.java:395] -  [DUBBO] Ignore empty notify urls for subscribe url provider://192.168.23.1:20893/com.shanjupay.transaction.api.PayChannelService?anyhost=true&application=transaction-service&bean.name=ServiceBean:com.shanjupay.transaction.api.PayChannelService&bind.ip=192.168.23.1&bind.port=20893&category=configurators&check=false&deprecated=false&dubbo=2.0.2&dynamic=true&generic=false&interface=com.shanjupay.transaction.api.PayChannelService&methods=queryPlatformChannel,bindPlatformChannelForApp,queryAppBindPlatformChannel,queryPayChannelByPlatformChannel&pid=2268&qos.enable=false&qos.port=22250&register=true&release=2.7.3&side=provider&timestamp=1611057590548, dubbo version: 2.7.3, current host: 192.168.23.1
[${project.name}][${env:SERVER_PORT}] 2021-01-19 19:59:52,614 WARN [com.alibaba.nacos.naming.client.listener][AbstractRegistry.java:395] -  [DUBBO] Ignore empty notify urls for subscribe url provider://192.168.23.1:20893/com.shanjupay.transaction.api.PayChannelService?anyhost=true&application=transaction-service&bean.name=ServiceBean:com.shanjupay.transaction.api.PayChannelService&bind.ip=192.168.23.1&bind.port=20893&category=configurators&check=false&deprecated=false&dubbo=2.0.2&dynamic=true&generic=false&interface=com.shanjupay.transaction.api.PayChannelService&methods=queryPlatformChannel,bindPlatformChannelForApp,queryAppBindPlatformChannel,queryPayChannelByPlatformChannel&pid=2268&qos.enable=false&qos.port=22250&register=true&release=2.7.3&side=provider&timestamp=1611057590548, dubbo version: 2.7.3, current host: 192.168.23.1
[${project.name}][${env:SERVER_PORT}] 2021-01-19 19:59:52,642 INFO [main][StartupInfoLogger.java:59] - Started TestPayChannelServiceImpl in 26.486 seconds (JVM running for 34.03)
[${project.name}][${env:SERVER_PORT}] 2021-01-19 19:59:53,503 INFO [Thread-12][AwaitingNonWebApplicationListener.java:155] -  [Dubbo] Current Spring Boot Application is about to shutdown...
[${project.name}][${env:SERVER_PORT}] 2021-01-19 19:59:53,503 INFO [Thread-12][AbstractRegistryFactory.java:68] -  [DUBBO] Close all registries [nacos://127.0.0.1:8848/org.apache.dubbo.registry.RegistryService?application=transaction-service&dubbo=2.0.2&interface=org.apache.dubbo.registry.RegistryService&pid=2268&qos.enable=false&qos.port=22250&release=2.7.3&timestamp=1611057590545], dubbo version: 2.7.3, current host: 192.168.23.1
[${project.name}][${env:SERVER_PORT}] 2021-01-19 19:59:53,504 INFO [Thread-12][AbstractRegistry.java:458] -  [DUBBO] Destroy registry:nacos://127.0.0.1:8848/org.apache.dubbo.registry.RegistryService?application=transaction-service&dubbo=2.0.2&interface=org.apache.dubbo.registry.RegistryService&pid=2268&qos.enable=false&qos.port=22250&release=2.7.3&timestamp=1611057590545, dubbo version: 2.7.3, current host: 192.168.23.1
[${project.name}][${env:SERVER_PORT}] 2021-01-19 19:59:53,504 INFO [Thread-12][AbstractRegistry.java:291] -  [DUBBO] Unregister: dubbo://192.168.23.1:20893/com.shanjupay.transaction.api.PayChannelService?anyhost=true&application=transaction-service&bean.name=ServiceBean:com.shanjupay.transaction.api.PayChannelService&deprecated=false&dubbo=2.0.2&dynamic=true&generic=false&interface=com.shanjupay.transaction.api.PayChannelService&methods=queryPlatformChannel,bindPlatformChannelForApp,queryAppBindPlatformChannel,queryPayChannelByPlatformChannel&pid=2268&register=true&release=2.7.3&side=provider&timestamp=1611057590548, dubbo version: 2.7.3, current host: 192.168.23.1
[${project.name}][${env:SERVER_PORT}] 2021-01-19 19:59:53,510 INFO [Thread-12][AbstractRegistry.java:467] -  [DUBBO] Destroy unregister url dubbo://192.168.23.1:20893/com.shanjupay.transaction.api.PayChannelService?anyhost=true&application=transaction-service&bean.name=ServiceBean:com.shanjupay.transaction.api.PayChannelService&deprecated=false&dubbo=2.0.2&dynamic=true&generic=false&interface=com.shanjupay.transaction.api.PayChannelService&methods=queryPlatformChannel,bindPlatformChannelForApp,queryAppBindPlatformChannel,queryPayChannelByPlatformChannel&pid=2268&register=true&release=2.7.3&side=provider&timestamp=1611057590548, dubbo version: 2.7.3, current host: 192.168.23.1
[${project.name}][${env:SERVER_PORT}] 2021-01-19 19:59:53,511 INFO [Thread-12][AbstractRegistry.java:320] -  [DUBBO] Unsubscribe: provider://192.168.23.1:20893/com.shanjupay.transaction.api.PayChannelService?anyhost=true&application=transaction-service&bean.name=ServiceBean:com.shanjupay.transaction.api.PayChannelService&bind.ip=192.168.23.1&bind.port=20893&category=configurators&check=false&deprecated=false&dubbo=2.0.2&dynamic=true&generic=false&interface=com.shanjupay.transaction.api.PayChannelService&methods=queryPlatformChannel,bindPlatformChannelForApp,queryAppBindPlatformChannel,queryPayChannelByPlatformChannel&pid=2268&qos.enable=false&qos.port=22250&register=true&release=2.7.3&side=provider&timestamp=1611057590548, dubbo version: 2.7.3, current host: 192.168.23.1
[${project.name}][${env:SERVER_PORT}] 2021-01-19 19:59:53,511 INFO [Thread-12][AbstractRegistry.java:483] -  [DUBBO] Destroy unsubscribe url provider://192.168.23.1:20893/com.shanjupay.transaction.api.PayChannelService?anyhost=true&application=transaction-service&bean.name=ServiceBean:com.shanjupay.transaction.api.PayChannelService&bind.ip=192.168.23.1&bind.port=20893&category=configurators&check=false&deprecated=false&dubbo=2.0.2&dynamic=true&generic=false&interface=com.shanjupay.transaction.api.PayChannelService&methods=queryPlatformChannel,bindPlatformChannelForApp,queryAppBindPlatformChannel,queryPayChannelByPlatformChannel&pid=2268&qos.enable=false&qos.port=22250&register=true&release=2.7.3&side=provider&timestamp=1611057590548, dubbo version: 2.7.3, current host: 192.168.23.1
[${project.name}][${env:SERVER_PORT}] 2021-01-19 19:59:53,512 INFO [Thread-12][DubboProtocol.java:616] -  [DUBBO] Close dubbo server: /192.168.23.1:20893, dubbo version: 2.7.3, current host: 192.168.23.1
[${project.name}][${env:SERVER_PORT}] 2021-01-19 19:59:53,514 INFO [Thread-12][AbstractServer.java:153] -  [DUBBO] Close NettyServer bind /0.0.0.0:20893, export /192.168.23.1:20893, dubbo version: 2.7.3, current host: 192.168.23.1
[${project.name}][${env:SERVER_PORT}] 2021-01-19 19:59:53,516 INFO [Thread-12][AbstractProtocol.java:79] -  [DUBBO] Unexport service: dubbo://192.168.23.1:20893/com.shanjupay.transaction.api.PayChannelService?anyhost=true&application=transaction-service&bean.name=ServiceBean:com.shanjupay.transaction.api.PayChannelService&bind.ip=192.168.23.1&bind.port=20893&deprecated=false&dubbo=2.0.2&dynamic=true&generic=false&interface=com.shanjupay.transaction.api.PayChannelService&methods=queryPlatformChannel,bindPlatformChannelForApp,queryAppBindPlatformChannel,queryPayChannelByPlatformChannel&pid=2268&qos.enable=false&qos.port=22250&register=true&release=2.7.3&side=provider&timestamp=1611057590548, dubbo version: 2.7.3, current host: 192.168.23.1
[${project.name}][${env:SERVER_PORT}] 2021-01-19 19:59:53,520 INFO [Thread-12][Server.java:112] -  [DUBBO] qos-server stopped., dubbo version: 2.7.3, current host: 192.168.23.1
[${project.name}][${env:SERVER_PORT}] 2021-01-19 19:59:53,520 INFO [Thread-12][AbstractProtocol.java:79] -  [DUBBO] Unexport service: injvm://127.0.0.1/com.shanjupay.transaction.api.PayChannelService?anyhost=true&application=transaction-service&bean.name=ServiceBean:com.shanjupay.transaction.api.PayChannelService&bind.ip=192.168.23.1&bind.port=20893&deprecated=false&dubbo=2.0.2&dynamic=true&generic=false&interface=com.shanjupay.transaction.api.PayChannelService&methods=queryPlatformChannel,bindPlatformChannelForApp,queryAppBindPlatformChannel,queryPayChannelByPlatformChannel&pid=2268&qos.enable=false&qos.port=22250&register=true&release=2.7.3&side=provider&timestamp=1611057590548, dubbo version: 2.7.3, current host: 192.168.23.1
[${project.name}][${env:SERVER_PORT}] 2021-01-19 19:59:53,521 INFO [Thread-12][AbstractRegistry.java:291] -  [DUBBO] Unregister: dubbo://192.168.23.1:20893/com.shanjupay.transaction.api.PayChannelService?anyhost=true&application=transaction-service&bean.name=ServiceBean:com.shanjupay.transaction.api.PayChannelService&deprecated=false&dubbo=2.0.2&dynamic=true&generic=false&interface=com.shanjupay.transaction.api.PayChannelService&methods=queryPlatformChannel,bindPlatformChannelForApp,queryAppBindPlatformChannel,queryPayChannelByPlatformChannel&pid=2268&register=true&release=2.7.3&side=provider&timestamp=1611057590548, dubbo version: 2.7.3, current host: 192.168.23.1
[${project.name}][${env:SERVER_PORT}] 2021-01-19 19:59:53,522 INFO [Thread-12][AbstractRegistry.java:320] -  [DUBBO] Unsubscribe: provider://192.168.23.1:20893/com.shanjupay.transaction.api.PayChannelService?anyhost=true&application=transaction-service&bean.name=ServiceBean:com.shanjupay.transaction.api.PayChannelService&bind.ip=192.168.23.1&bind.port=20893&category=configurators&check=false&deprecated=false&dubbo=2.0.2&dynamic=true&generic=false&interface=com.shanjupay.transaction.api.PayChannelService&methods=queryPlatformChannel,bindPlatformChannelForApp,queryAppBindPlatformChannel,queryPayChannelByPlatformChannel&pid=2268&qos.enable=false&qos.port=22250&register=true&release=2.7.3&side=provider&timestamp=1611057590548, dubbo version: 2.7.3, current host: 192.168.23.1
[${project.name}][${env:SERVER_PORT}] 2021-01-19 19:59:53,524 INFO [Exporter-Unexport-thread-1][RegistryProtocol.java:689] -  [DUBBO] Waiting 10000ms for registry to notify all consumers before unexport. Usually, this is called when you use dubbo API, dubbo version: 2.7.3, current host: 192.168.23.1
[${project.name}][${env:SERVER_PORT}] 2021-01-19 19:59:53,567 INFO [Thread-12][ExecutorConfigurationSupport.java:208] - Shutting down ExecutorService 'applicationTaskExecutor'
[${project.name}][${env:SERVER_PORT}] 2021-01-19 19:59:53,581 INFO [Thread-12][DruidDataSource.java:1885] - {dataSource-1} closing ...
[${project.name}][${env:SERVER_PORT}] 2021-01-19 19:59:53,600 WARN [com.alibaba.nacos.naming.client.listener][AbstractRegistry.java:395] -  [DUBBO] Ignore empty notify urls for subscribe url provider://192.168.23.1:20893/com.shanjupay.transaction.api.PayChannelService?anyhost=true&application=transaction-service&bean.name=ServiceBean:com.shanjupay.transaction.api.PayChannelService&bind.ip=192.168.23.1&bind.port=20893&category=configurators&check=false&deprecated=false&dubbo=2.0.2&dynamic=true&generic=false&interface=com.shanjupay.transaction.api.PayChannelService&methods=queryPlatformChannel,bindPlatformChannelForApp,queryAppBindPlatformChannel,queryPayChannelByPlatformChannel&pid=2268&qos.enable=false&qos.port=22250&register=true&release=2.7.3&side=provider&timestamp=1611057590548, dubbo version: 2.7.3, current host: 192.168.23.1
[${project.name}][${env:SERVER_PORT}] 2021-01-19 19:59:53,617 INFO [Thread-12][DruidDataSource.java:1955] - {dataSource-1} closed
[${project.name}][${env:SERVER_PORT}] 2021-01-19 19:59:53,619 INFO [Thread-12][DubboGenericServiceFactory.java:159] - The Dubbo GenericService ReferenceBeans are destroying...
[${project.name}][${env:SERVER_PORT}] 2021-01-19 19:59:53,620 INFO [Thread-12][AnnotationInjectedBeanPostProcessor.java:305] - class org.apache.dubbo.config.spring.beans.factory.annotation.ReferenceAnnotationBeanPostProcessor was destroying!
